<?xml version="1.0" encoding="UTF-8"?>
<testng-results skipped="0" failed="1" ignored="0" total="4" passed="3">
  <reporter-output>
  </reporter-output>
  <suite name="Default suite" duration-ms="6131" started-at="2020-04-06T05:41:34Z" finished-at="2020-04-06T05:41:40Z">
    <groups>
    </groups>
    <test name="Default test" duration-ms="6131" started-at="2020-04-06T05:41:34Z" finished-at="2020-04-06T05:41:40Z">
      <class name="com.test.restAssured.OpenWeatherTesting">
        <test-method status="PASS" signature="testResponseOpenWeather()[pri:0, instance:com.test.restAssured.OpenWeatherTesting@553f17c]" name="testResponseOpenWeather" duration-ms="3286" started-at="2020-04-06T05:41:34Z" finished-at="2020-04-06T05:41:38Z">
          <reporter-output>
          </reporter-output>
        </test-method> <!-- testResponseOpenWeather -->
        <test-method status="FAIL" signature="testResponseOpenWeather_tc002()[pri:0, instance:com.test.restAssured.OpenWeatherTesting@553f17c]" name="testResponseOpenWeather_tc002" duration-ms="876" started-at="2020-04-06T05:41:38Z" finished-at="2020-04-06T05:41:38Z">
          <exception class="java.lang.AssertionError">
            <message>
              <![CDATA[expected [400] but found [200]]]>
            </message>
            <full-stacktrace>
              <![CDATA[java.lang.AssertionError: expected [400] but found [200]
at org.testng.Assert.fail(Assert.java:96)
at org.testng.Assert.failNotEquals(Assert.java:776)
at org.testng.Assert.assertEqualsImpl(Assert.java:137)
at org.testng.Assert.assertEquals(Assert.java:118)
at org.testng.Assert.assertEquals(Assert.java:652)
at org.testng.Assert.assertEquals(Assert.java:662)
at com.test.restAssured.OpenWeatherTesting.testResponseOpenWeather_tc002(OpenWeatherTesting.java:28)
at sun.reflect.NativeMethodAccessorImpl.invoke0(Native Method)
at sun.reflect.NativeMethodAccessorImpl.invoke(Unknown Source)
at sun.reflect.DelegatingMethodAccessorImpl.invoke(Unknown Source)
at java.lang.reflect.Method.invoke(Unknown Source)
at org.testng.internal.MethodInvocationHelper.invokeMethod(MethodInvocationHelper.java:124)
at org.testng.internal.Invoker.invokeMethod(Invoker.java:583)
at org.testng.internal.Invoker.invokeTestMethod(Invoker.java:719)
at org.testng.internal.Invoker.invokeTestMethods(Invoker.java:989)
at org.testng.internal.TestMethodWorker.invokeTestMethods(TestMethodWorker.java:125)
at org.testng.internal.TestMethodWorker.run(TestMethodWorker.java:109)
at org.testng.TestRunner.privateRun(TestRunner.java:648)
at org.testng.TestRunner.run(TestRunner.java:505)
at org.testng.SuiteRunner.runTest(SuiteRunner.java:455)
at org.testng.SuiteRunner.runSequentially(SuiteRunner.java:450)
at org.testng.SuiteRunner.privateRun(SuiteRunner.java:415)
at org.testng.SuiteRunner.run(SuiteRunner.java:364)
at org.testng.SuiteRunnerWorker.runSuite(SuiteRunnerWorker.java:52)
at org.testng.SuiteRunnerWorker.run(SuiteRunnerWorker.java:84)
at org.testng.TestNG.runSuitesSequentially(TestNG.java:1208)
at org.testng.TestNG.runSuitesLocally(TestNG.java:1137)
at org.testng.TestNG.runSuites(TestNG.java:1049)
at org.testng.TestNG.run(TestNG.java:1017)
at org.testng.remote.AbstractRemoteTestNG.run(AbstractRemoteTestNG.java:114)
at org.testng.remote.RemoteTestNG.initAndRun(RemoteTestNG.java:251)
at org.testng.remote.RemoteTestNG.main(RemoteTestNG.java:77)
]]>
            </full-stacktrace>
          </exception> <!-- java.lang.AssertionError -->
          <reporter-output>
          </reporter-output>
        </test-method> <!-- testResponseOpenWeather_tc002 -->
        <test-method status="PASS" signature="testResponseOpenWeather_tc003()[pri:0, instance:com.test.restAssured.OpenWeatherTesting@553f17c]" name="testResponseOpenWeather_tc003" duration-ms="892" started-at="2020-04-06T05:41:38Z" finished-at="2020-04-06T05:41:39Z">
          <reporter-output>
          </reporter-output>
        </test-method> <!-- testResponseOpenWeather_tc003 -->
        <test-method status="PASS" signature="testResponseOpenWeather_tc004()[pri:0, instance:com.test.restAssured.OpenWeatherTesting@553f17c]" name="testResponseOpenWeather_tc004" duration-ms="992" started-at="2020-04-06T05:41:39Z" finished-at="2020-04-06T05:41:40Z">
          <reporter-output>
          </reporter-output>
        </test-method> <!-- testResponseOpenWeather_tc004 -->
      </class> <!-- com.test.restAssured.OpenWeatherTesting -->
    </test> <!-- Default test -->
  </suite> <!-- Default suite -->
</testng-results>
